Build started 02/03/2016 14:25:27.
     1>Project "C:\Users\Tom\Documents\GitHub\SoftFox\SoftFox\SoftFox\SoftFox.vcxproj" on node 2 (Build target(s)).
     1>ClCompile:
         C:\Program Files (x86)\Microsoft Visual Studio 14.0\VC\bin\CL.exe /c /ZI /nologo /W3 /WX- /sdl /Od /Oy- /D WIN32 /D _DEBUG /D _WINDOWS /D _UNICODE /D UNICODE /Gm /EHsc /RTC1 /MDd /GS /fp:precise /Zc:wchar_t /Zc:forScope /Zc:inline /Yc"stdafx.h" /Fp"Debug\SoftFox.pch" /Fo"Debug\\" /Fd"Debug\vc140.pdb" /Gd /TP /analyze- /errorReport:prompt stdafx.cpp
         stdafx.cpp
     1>c:\users\tom\documents\github\softfox\softfox\softfox\stdafx.h(23): fatal error C1083: Cannot open include file: 'SDL2_image.h': No such file or directory
     1>Done Building Project "C:\Users\Tom\Documents\GitHub\SoftFox\SoftFox\SoftFox\SoftFox.vcxproj" (Build target(s)) -- FAILED.

Build FAILED.

Time Elapsed 00:00:00.81
